{
"contracts/erc20/ERC20.sol":{"l":{"26":9,"27":9,"28":9,"29":9,"36":7,"37":7,"38":7,"45":216,"46":216,"47":216,"48":216,"55":4,"56":4,"57":4,"58":4,"66":3,"69":16,"77":4},"path":"/Users/louis/Mojito/contracts/erc20/ERC20.sol","s":{"1":9,"2":9,"3":9,"4":9,"5":7,"6":7,"7":7,"8":216,"9":216,"10":216,"11":216,"12":4,"13":4,"14":4,"15":4,"16":3,"17":16,"18":4},"b":{},"f":{"1":9,"2":7,"3":216,"4":4,"5":3,"6":16,"7":4},"fnMap":{"1":{"name":"_transfer","line":22,"loc":{"start":{"line":22,"column":4},"end":{"line":30,"column":4}}},"2":{"name":"_approve","line":32,"loc":{"start":{"line":32,"column":4},"end":{"line":39,"column":4}}},"3":{"name":"_mint","line":41,"loc":{"start":{"line":41,"column":4},"end":{"line":49,"column":4}}},"4":{"name":"_burn","line":51,"loc":{"start":{"line":51,"column":4},"end":{"line":59,"column":4}}},"5":{"name":"totalSupply","line":65,"loc":{"start":{"line":65,"column":4},"end":{"line":67,"column":4}}},"6":{"name":"balanceOf","line":68,"loc":{"start":{"line":68,"column":4},"end":{"line":70,"column":4}}},"7":{"name":"allowance","line":72,"loc":{"start":{"line":72,"column":4},"end":{"line":78,"column":4}}}},"statementMap":{"1":{"start":{"line":26,"column":8},"end":{"line":26,"column":49}},"2":{"start":{"line":27,"column":8},"end":{"line":27,"column":45}},"3":{"start":{"line":28,"column":8},"end":{"line":28,"column":39}},"4":{"start":{"line":29,"column":8},"end":{"line":29,"column":21}},"5":{"start":{"line":36,"column":8},"end":{"line":36,"column":43}},"6":{"start":{"line":37,"column":8},"end":{"line":37,"column":45}},"7":{"start":{"line":38,"column":8},"end":{"line":38,"column":21}},"8":{"start":{"line":45,"column":8},"end":{"line":45,"column":43}},"9":{"start":{"line":46,"column":8},"end":{"line":46,"column":59}},"10":{"start":{"line":47,"column":8},"end":{"line":47,"column":52}},"11":{"start":{"line":48,"column":8},"end":{"line":48,"column":21}},"12":{"start":{"line":55,"column":8},"end":{"line":55,"column":53}},"13":{"start":{"line":56,"column":8},"end":{"line":56,"column":43}},"14":{"start":{"line":57,"column":8},"end":{"line":57,"column":49}},"15":{"start":{"line":58,"column":8},"end":{"line":58,"column":21}},"16":{"start":{"line":66,"column":8},"end":{"line":66,"column":27}},"17":{"start":{"line":69,"column":8},"end":{"line":69,"column":33}},"18":{"start":{"line":77,"column":8},"end":{"line":77,"column":46}}},"branchMap":{}},
"contracts/erc20/ERC20Burnable.sol":{"l":{"16":2,"17":2,"18":2,"26":1,"27":1,"28":1},"path":"/Users/louis/Mojito/contracts/erc20/ERC20Burnable.sol","s":{"1":2,"2":2,"3":2,"4":1,"5":1,"6":1},"b":{},"f":{"1":2,"2":1},"fnMap":{"1":{"name":"burn","line":13,"loc":{"start":{"line":11,"column":4},"end":{"line":19,"column":4}}},"2":{"name":"burnFrom","line":23,"loc":{"start":{"line":21,"column":4},"end":{"line":33,"column":4}}}},"statementMap":{"1":{"start":{"line":16,"column":8},"end":{"line":16,"column":42}},"2":{"start":{"line":17,"column":8},"end":{"line":17,"column":37}},"3":{"start":{"line":18,"column":8},"end":{"line":18,"column":21}},"4":{"start":{"line":26,"column":8},"end":{"line":26,"column":28}},"5":{"start":{"line":27,"column":8},"end":{"line":27,"column":33}},"6":{"start":{"line":28,"column":8},"end":{"line":28,"column":662}}},"branchMap":{}},
"contracts/erc20/ERC20Lockable.sol":{"l":{"22":10,"23":9,"30":17,"31":16,"35":15,"36":15,"37":15,"38":15,"42":6,"43":6,"44":6,"45":6,"46":6,"47":6,"51":2,"52":1,"57":3,"58":3,"59":3,"61":2,"62":2,"67":3,"75":2,"76":1,"78":1,"79":1,"82":2,"90":2,"94":1,"95":1,"96":1,"104":1,"105":1,"106":1,"110":1,"111":1},"path":"/Users/louis/Mojito/contracts/erc20/ERC20Lockable.sol","s":{"1":10,"2":17,"3":16,"4":15,"5":15,"6":15,"7":15,"8":6,"9":6,"10":6,"11":6,"12":6,"13":6,"14":2,"15":1,"16":3,"17":3,"18":2,"19":3,"20":2,"21":1,"22":2,"23":2,"24":1,"25":1,"26":1,"27":1,"28":1,"29":1,"30":1,"31":1},"b":{"1":[9,1],"2":[16,1],"3":[15,1],"4":[1,1],"5":[2,1],"6":[1,1]},"f":{"1":10,"2":17,"3":6,"4":2,"5":3,"6":2,"7":2,"8":1,"9":1},"fnMap":{"1":{"name":"checkLock","line":21,"loc":{"start":{"line":21,"column":4},"end":{"line":24,"column":4}}},"2":{"name":"_lock","line":26,"loc":{"start":{"line":26,"column":4},"end":{"line":39,"column":4}}},"3":{"name":"_unlock","line":41,"loc":{"start":{"line":41,"column":4},"end":{"line":48,"column":4}}},"4":{"name":"unlock","line":50,"loc":{"start":{"line":50,"column":4},"end":{"line":53,"column":4}}},"5":{"name":"unlockAll","line":55,"loc":{"start":{"line":55,"column":4},"end":{"line":68,"column":4}}},"6":{"name":"releaseLock","line":72,"loc":{"start":{"line":70,"column":4},"end":{"line":83,"column":4}}},"7":{"name":"transferWithLockUp","line":87,"loc":{"start":{"line":85,"column":4},"end":{"line":97,"column":4}}},"8":{"name":"lockInfo","line":99,"loc":{"start":{"line":99,"column":4},"end":{"line":107,"column":4}}},"9":{"name":"totalLocked","line":109,"loc":{"start":{"line":109,"column":4},"end":{"line":112,"column":4}}}},"statementMap":{"1":{"start":{"line":22,"column":8},"end":{"line":22,"column":117}},"2":{"start":{"line":30,"column":8},"end":{"line":30,"column":84}},"3":{"start":{"line":31,"column":8},"end":{"line":31,"column":906}},"4":{"start":{"line":35,"column":8},"end":{"line":35,"column":55}},"5":{"start":{"line":36,"column":8},"end":{"line":36,"column":47}},"6":{"start":{"line":37,"column":8},"end":{"line":37,"column":36}},"7":{"start":{"line":38,"column":8},"end":{"line":38,"column":21}},"8":{"start":{"line":42,"column":8},"end":{"line":42,"column":51}},"9":{"start":{"line":43,"column":8},"end":{"line":43,"column":60}},"10":{"start":{"line":44,"column":8},"end":{"line":44,"column":38}},"11":{"start":{"line":45,"column":8},"end":{"line":45,"column":66}},"12":{"start":{"line":46,"column":8},"end":{"line":46,"column":25}},"13":{"start":{"line":47,"column":8},"end":{"line":47,"column":21}},"14":{"start":{"line":51,"column":8},"end":{"line":51,"column":104}},"15":{"start":{"line":52,"column":8},"end":{"line":52,"column":33}},"16":{"start":{"line":57,"column":8},"end":{"line":57,"column":1923}},"17":{"start":{"line":59,"column":12},"end":{"line":59,"column":2002}},"18":{"start":{"line":61,"column":2},"end":{"line":61,"column":18}},"19":{"start":{"line":67,"column":8},"end":{"line":67,"column":21}},"20":{"start":{"line":75,"column":8},"end":{"line":75,"column":2319}},"21":{"start":{"line":78,"column":5},"end":{"line":78,"column":21}},"22":{"start":{"line":82,"column":8},"end":{"line":82,"column":21}},"23":{"start":{"line":90,"column":8},"end":{"line":90,"column":2672}},"24":{"start":{"line":94,"column":8},"end":{"line":94,"column":47}},"25":{"start":{"line":95,"column":8},"end":{"line":95,"column":36}},"26":{"start":{"line":96,"column":8},"end":{"line":96,"column":21}},"27":{"start":{"line":104,"column":8},"end":{"line":104,"column":52}},"28":{"start":{"line":105,"column":8},"end":{"line":105,"column":27}},"29":{"start":{"line":106,"column":8},"end":{"line":106,"column":21}},"30":{"start":{"line":110,"column":8},"end":{"line":110,"column":36}},"31":{"start":{"line":111,"column":8},"end":{"line":111,"column":37}}},"branchMap":{"1":{"line":22,"type":"if","locations":[{"start":{"line":22,"column":8},"end":{"line":22,"column":8}},{"start":{"line":22,"column":8},"end":{"line":22,"column":8}}]},"2":{"line":30,"type":"if","locations":[{"start":{"line":30,"column":8},"end":{"line":30,"column":8}},{"start":{"line":30,"column":8},"end":{"line":30,"column":8}}]},"3":{"line":31,"type":"if","locations":[{"start":{"line":31,"column":8},"end":{"line":31,"column":8}},{"start":{"line":31,"column":8},"end":{"line":31,"column":8}}]},"4":{"line":51,"type":"if","locations":[{"start":{"line":51,"column":8},"end":{"line":51,"column":8}},{"start":{"line":51,"column":8},"end":{"line":51,"column":8}}]},"5":{"line":59,"type":"if","locations":[{"start":{"line":59,"column":12},"end":{"line":59,"column":12}},{"start":{"line":59,"column":12},"end":{"line":59,"column":12}}]},"6":{"line":90,"type":"if","locations":[{"start":{"line":90,"column":8},"end":{"line":90,"column":8}},{"start":{"line":90,"column":8},"end":{"line":90,"column":8}}]}}},
"contracts/erc20/ERC20Mintable.sol":{"l":{"21":4,"25":3,"29":2,"30":2,"31":2,"41":3,"45":2,"46":2,"47":2,"51":2},"path":"/Users/louis/Mojito/contracts/erc20/ERC20Mintable.sol","s":{"1":4,"2":3,"3":2,"4":2,"5":2,"6":3,"7":2,"8":2,"9":2,"10":2},"b":{"1":[3,1],"2":[2,1],"3":[2,1]},"f":{"1":4,"2":3,"3":2},"fnMap":{"1":{"name":"mint","line":18,"loc":{"start":{"line":15,"column":4},"end":{"line":32,"column":4}}},"2":{"name":"finishMint","line":38,"loc":{"start":{"line":36,"column":4},"end":{"line":48,"column":4}}},"3":{"name":"isFinished","line":50,"loc":{"start":{"line":50,"column":4},"end":{"line":52,"column":4}}}},"statementMap":{"1":{"start":{"line":21,"column":8},"end":{"line":21,"column":523}},"2":{"start":{"line":25,"column":8},"end":{"line":25,"column":654}},"3":{"start":{"line":29,"column":8},"end":{"line":29,"column":30}},"4":{"start":{"line":30,"column":8},"end":{"line":30,"column":35}},"5":{"start":{"line":31,"column":8},"end":{"line":31,"column":21}},"6":{"start":{"line":41,"column":8},"end":{"line":41,"column":1091}},"7":{"start":{"line":45,"column":8},"end":{"line":45,"column":30}},"8":{"start":{"line":46,"column":8},"end":{"line":46,"column":27}},"9":{"start":{"line":47,"column":8},"end":{"line":47,"column":19}},"10":{"start":{"line":51,"column":8},"end":{"line":51,"column":34}}},"branchMap":{"1":{"line":21,"type":"if","locations":[{"start":{"line":21,"column":8},"end":{"line":21,"column":8}},{"start":{"line":21,"column":8},"end":{"line":21,"column":8}}]},"2":{"line":25,"type":"if","locations":[{"start":{"line":25,"column":8},"end":{"line":25,"column":8}},{"start":{"line":25,"column":8},"end":{"line":25,"column":8}}]},"3":{"line":41,"type":"if","locations":[{"start":{"line":41,"column":8},"end":{"line":41,"column":8}},{"start":{"line":41,"column":8},"end":{"line":41,"column":8}}]}}},
"contracts/library/Freezable.sol":{"l":{"14":9,"15":8,"19":6,"20":6,"21":6,"29":2,"30":2,"31":2,"39":4},"path":"/Users/louis/Mojito/contracts/library/Freezable.sol","s":{"1":9,"2":6,"3":6,"4":6,"5":2,"6":2,"7":2,"8":4},"b":{"1":[8,1]},"f":{"1":9,"2":6,"3":2,"4":4},"fnMap":{"1":{"name":"whenNotFrozen","line":13,"loc":{"start":{"line":13,"column":4},"end":{"line":16,"column":4}}},"2":{"name":"freeze","line":18,"loc":{"start":{"line":18,"column":4},"end":{"line":22,"column":4}}},"3":{"name":"unFreeze","line":26,"loc":{"start":{"line":24,"column":4},"end":{"line":32,"column":4}}},"4":{"name":"isFrozen","line":34,"loc":{"start":{"line":34,"column":4},"end":{"line":40,"column":4}}}},"statementMap":{"1":{"start":{"line":14,"column":8},"end":{"line":14,"column":64}},"2":{"start":{"line":19,"column":8},"end":{"line":19,"column":29}},"3":{"start":{"line":20,"column":8},"end":{"line":20,"column":27}},"4":{"start":{"line":21,"column":8},"end":{"line":21,"column":21}},"5":{"start":{"line":29,"column":8},"end":{"line":29,"column":30}},"6":{"start":{"line":30,"column":8},"end":{"line":30,"column":29}},"7":{"start":{"line":31,"column":8},"end":{"line":31,"column":21}},"8":{"start":{"line":39,"column":8},"end":{"line":39,"column":30}}},"branchMap":{"1":{"line":14,"type":"if","locations":[{"start":{"line":14,"column":8},"end":{"line":14,"column":8}},{"start":{"line":14,"column":8},"end":{"line":14,"column":8}}]}}},
"contracts/library/Ownable.sol":{"l":{"14":213,"15":213,"19":36,"23":35,"27":6,"35":3,"36":2,"40":3,"44":6,"45":6,"46":6},"path":"/Users/louis/Mojito/contracts/library/Ownable.sol","s":{"1":213,"2":213,"3":36,"4":6,"5":3,"6":2,"7":3,"8":6,"9":6,"10":6},"b":{"1":[35,1],"2":[2,1]},"f":{"1":213,"2":36,"3":6,"4":3,"5":3,"6":6},"fnMap":{"1":{"name":"constructor","line":13,"loc":{"start":{"line":13,"column":4},"end":{"line":16,"column":4}}},"2":{"name":"onlyOwner","line":18,"loc":{"start":{"line":18,"column":4},"end":{"line":24,"column":4}}},"3":{"name":"owner","line":26,"loc":{"start":{"line":26,"column":4},"end":{"line":28,"column":4}}},"4":{"name":"transferOwnership","line":32,"loc":{"start":{"line":30,"column":4},"end":{"line":37,"column":4}}},"5":{"name":"renounceOwnership","line":39,"loc":{"start":{"line":39,"column":4},"end":{"line":41,"column":4}}},"6":{"name":"_transferOwnership","line":43,"loc":{"start":{"line":43,"column":4},"end":{"line":47,"column":4}}}},"statementMap":{"1":{"start":{"line":14,"column":8},"end":{"line":14,"column":26}},"2":{"start":{"line":15,"column":8},"end":{"line":15,"column":57}},"3":{"start":{"line":19,"column":8},"end":{"line":19,"column":385}},"4":{"start":{"line":27,"column":8},"end":{"line":27,"column":28}},"5":{"start":{"line":35,"column":8},"end":{"line":35,"column":111}},"6":{"start":{"line":36,"column":8},"end":{"line":36,"column":45}},"7":{"start":{"line":40,"column":8},"end":{"line":40,"column":47}},"8":{"start":{"line":44,"column":8},"end":{"line":44,"column":51}},"9":{"start":{"line":45,"column":8},"end":{"line":45,"column":24}},"10":{"start":{"line":46,"column":8},"end":{"line":46,"column":21}}},"branchMap":{"1":{"line":19,"type":"if","locations":[{"start":{"line":19,"column":8},"end":{"line":19,"column":8}},{"start":{"line":19,"column":8},"end":{"line":19,"column":8}}]},"2":{"line":35,"type":"if","locations":[{"start":{"line":35,"column":8},"end":{"line":35,"column":8}},{"start":{"line":35,"column":8},"end":{"line":35,"column":8}}]}}},
"contracts/library/Pausable.sol":{"l":{"14":3,"15":2,"19":22,"20":21,"24":6,"25":6,"26":6,"30":2,"31":2,"32":2,"36":5},"path":"/Users/louis/Mojito/contracts/library/Pausable.sol","s":{"1":3,"2":22,"3":6,"4":6,"5":6,"6":2,"7":2,"8":2,"9":5},"b":{"1":[2,1],"2":[21,1]},"f":{"1":3,"2":22,"3":6,"4":2,"5":5},"fnMap":{"1":{"name":"whenPaused","line":13,"loc":{"start":{"line":13,"column":4},"end":{"line":16,"column":4}}},"2":{"name":"whenNotPaused","line":18,"loc":{"start":{"line":18,"column":4},"end":{"line":21,"column":4}}},"3":{"name":"pause","line":23,"loc":{"start":{"line":23,"column":4},"end":{"line":27,"column":4}}},"4":{"name":"unPause","line":29,"loc":{"start":{"line":29,"column":4},"end":{"line":33,"column":4}}},"5":{"name":"paused","line":35,"loc":{"start":{"line":35,"column":4},"end":{"line":37,"column":4}}}},"statementMap":{"1":{"start":{"line":14,"column":8},"end":{"line":14,"column":80}},"2":{"start":{"line":19,"column":8},"end":{"line":19,"column":85}},"3":{"start":{"line":24,"column":8},"end":{"line":24,"column":21}},"4":{"start":{"line":25,"column":8},"end":{"line":25,"column":21}},"5":{"start":{"line":26,"column":8},"end":{"line":26,"column":21}},"6":{"start":{"line":30,"column":8},"end":{"line":30,"column":22}},"7":{"start":{"line":31,"column":8},"end":{"line":31,"column":23}},"8":{"start":{"line":32,"column":8},"end":{"line":32,"column":21}},"9":{"start":{"line":36,"column":8},"end":{"line":36,"column":22}}},"branchMap":{"1":{"line":14,"type":"if","locations":[{"start":{"line":14,"column":8},"end":{"line":14,"column":8}},{"start":{"line":14,"column":8},"end":{"line":14,"column":8}}]},"2":{"line":19,"type":"if","locations":[{"start":{"line":19,"column":8},"end":{"line":19,"column":8}},{"start":{"line":19,"column":8},"end":{"line":19,"column":8}}]}}},
"contracts/METACONCERT.sol":{"l":{"21":213,"32":6,"36":5,"37":5,"48":2,"52":1,"53":1,"58":1,"66":3,"70":2,"71":2,"75":1,"79":1,"83":1},"path":"/Users/louis/Mojito/contracts/METACONCERT.sol","s":{"1":213,"2":6,"3":5,"4":5,"5":2,"6":1,"7":1,"8":1,"9":3,"10":2,"11":2,"12":1,"13":1,"14":1},"b":{"1":[5,1],"2":[1,1],"3":[2,1]},"f":{"1":213,"2":6,"3":2,"4":3,"5":1,"6":1,"7":1},"fnMap":{"1":{"name":"constructor","line":20,"loc":{"start":{"line":20,"column":4},"end":{"line":22,"column":4}}},"2":{"name":"transfer","line":29,"loc":{"start":{"line":24,"column":4},"end":{"line":38,"column":4}}},"3":{"name":"transferFrom","line":45,"loc":{"start":{"line":40,"column":4},"end":{"line":59,"column":4}}},"4":{"name":"approve","line":61,"loc":{"start":{"line":61,"column":4},"end":{"line":72,"column":4}}},"5":{"name":"name","line":74,"loc":{"start":{"line":74,"column":4},"end":{"line":76,"column":4}}},"6":{"name":"symbol","line":78,"loc":{"start":{"line":78,"column":4},"end":{"line":80,"column":4}}},"7":{"name":"decimals","line":82,"loc":{"start":{"line":82,"column":4},"end":{"line":84,"column":4}}}},"statementMap":{"1":{"start":{"line":21,"column":8},"end":{"line":21,"column":68}},"2":{"start":{"line":32,"column":8},"end":{"line":32,"column":819}},"3":{"start":{"line":36,"column":8},"end":{"line":36,"column":40}},"4":{"start":{"line":37,"column":8},"end":{"line":37,"column":21}},"5":{"start":{"line":48,"column":8},"end":{"line":48,"column":1229}},"6":{"start":{"line":52,"column":8},"end":{"line":52,"column":34}},"7":{"start":{"line":53,"column":8},"end":{"line":53,"column":1385}},"8":{"start":{"line":58,"column":8},"end":{"line":58,"column":21}},"9":{"start":{"line":66,"column":8},"end":{"line":66,"column":1663}},"10":{"start":{"line":70,"column":8},"end":{"line":70,"column":44}},"11":{"start":{"line":71,"column":8},"end":{"line":71,"column":21}},"12":{"start":{"line":75,"column":8},"end":{"line":75,"column":24}},"13":{"start":{"line":79,"column":8},"end":{"line":79,"column":28}},"14":{"start":{"line":83,"column":8},"end":{"line":83,"column":32}}},"branchMap":{"1":{"line":32,"type":"if","locations":[{"start":{"line":32,"column":8},"end":{"line":32,"column":8}},{"start":{"line":32,"column":8},"end":{"line":32,"column":8}}]},"2":{"line":48,"type":"if","locations":[{"start":{"line":48,"column":8},"end":{"line":48,"column":8}},{"start":{"line":48,"column":8},"end":{"line":48,"column":8}}]},"3":{"line":66,"type":"if","locations":[{"start":{"line":66,"column":8},"end":{"line":66,"column":8}},{"start":{"line":66,"column":8},"end":{"line":66,"column":8}}]}}}}
