TN:
SF:/Users/louis/Mojito/contracts/erc20/ERC20.sol
FN:22,_transfer
FN:32,_approve
FN:41,_mint
FN:51,_burn
FN:65,totalSupply
FN:68,balanceOf
FN:72,allowance
FNF:7
FNH:7
FNDA:9,_transfer
FNDA:7,_approve
FNDA:216,_mint
FNDA:4,_burn
FNDA:3,totalSupply
FNDA:16,balanceOf
FNDA:4,allowance
DA:26,9
DA:27,9
DA:28,9
DA:29,9
DA:36,7
DA:37,7
DA:38,7
DA:45,216
DA:46,216
DA:47,216
DA:48,216
DA:55,4
DA:56,4
DA:57,4
DA:58,4
DA:66,3
DA:69,16
DA:77,4
LF:18
LH:18
BRF:0
BRH:0
end_of_record
TN:
SF:/Users/louis/Mojito/contracts/erc20/ERC20Burnable.sol
FN:13,burn
FN:23,burnFrom
FNF:2
FNH:2
FNDA:2,burn
FNDA:1,burnFrom
DA:16,2
DA:17,2
DA:18,2
DA:26,1
DA:27,1
DA:28,1
LF:6
LH:6
BRF:0
BRH:0
end_of_record
TN:
SF:/Users/louis/Mojito/contracts/erc20/ERC20Lockable.sol
FN:21,checkLock
FN:26,_lock
FN:41,_unlock
FN:50,unlock
FN:55,unlockAll
FN:72,releaseLock
FN:87,transferWithLockUp
FN:99,lockInfo
FN:109,totalLocked
FNF:9
FNH:9
FNDA:10,checkLock
FNDA:17,_lock
FNDA:6,_unlock
FNDA:2,unlock
FNDA:3,unlockAll
FNDA:2,releaseLock
FNDA:2,transferWithLockUp
FNDA:1,lockInfo
FNDA:1,totalLocked
DA:22,10
DA:23,9
DA:30,17
DA:31,16
DA:35,15
DA:36,15
DA:37,15
DA:38,15
DA:42,6
DA:43,6
DA:44,6
DA:45,6
DA:46,6
DA:47,6
DA:51,2
DA:52,1
DA:57,3
DA:58,3
DA:59,3
DA:61,2
DA:62,2
DA:67,3
DA:75,2
DA:76,1
DA:78,1
DA:79,1
DA:82,2
DA:90,2
DA:94,1
DA:95,1
DA:96,1
DA:104,1
DA:105,1
DA:106,1
DA:110,1
DA:111,1
LF:36
LH:36
BRDA:22,1,0,9
BRDA:22,1,1,1
BRDA:30,2,0,16
BRDA:30,2,1,1
BRDA:31,3,0,15
BRDA:31,3,1,1
BRDA:51,4,0,1
BRDA:51,4,1,1
BRDA:59,5,0,2
BRDA:59,5,1,1
BRDA:90,6,0,1
BRDA:90,6,1,1
BRF:12
BRH:12
end_of_record
TN:
SF:/Users/louis/Mojito/contracts/erc20/ERC20Mintable.sol
FN:18,mint
FN:38,finishMint
FN:50,isFinished
FNF:3
FNH:3
FNDA:4,mint
FNDA:3,finishMint
FNDA:2,isFinished
DA:21,4
DA:25,3
DA:29,2
DA:30,2
DA:31,2
DA:41,3
DA:45,2
DA:46,2
DA:47,2
DA:51,2
LF:10
LH:10
BRDA:21,1,0,3
BRDA:21,1,1,1
BRDA:25,2,0,2
BRDA:25,2,1,1
BRDA:41,3,0,2
BRDA:41,3,1,1
BRF:6
BRH:6
end_of_record
TN:
SF:/Users/louis/Mojito/contracts/library/Freezable.sol
FN:13,whenNotFrozen
FN:18,freeze
FN:26,unFreeze
FN:34,isFrozen
FNF:4
FNH:4
FNDA:9,whenNotFrozen
FNDA:6,freeze
FNDA:2,unFreeze
FNDA:4,isFrozen
DA:14,9
DA:15,8
DA:19,6
DA:20,6
DA:21,6
DA:29,2
DA:30,2
DA:31,2
DA:39,4
LF:9
LH:9
BRDA:14,1,0,8
BRDA:14,1,1,1
BRF:2
BRH:2
end_of_record
TN:
SF:/Users/louis/Mojito/contracts/library/Ownable.sol
FN:13,constructor
FN:18,onlyOwner
FN:26,owner
FN:32,transferOwnership
FN:39,renounceOwnership
FN:43,_transferOwnership
FNF:6
FNH:6
FNDA:213,constructor
FNDA:36,onlyOwner
FNDA:6,owner
FNDA:3,transferOwnership
FNDA:3,renounceOwnership
FNDA:6,_transferOwnership
DA:14,213
DA:15,213
DA:19,36
DA:23,35
DA:27,6
DA:35,3
DA:36,2
DA:40,3
DA:44,6
DA:45,6
DA:46,6
LF:11
LH:11
BRDA:19,1,0,35
BRDA:19,1,1,1
BRDA:35,2,0,2
BRDA:35,2,1,1
BRF:4
BRH:4
end_of_record
TN:
SF:/Users/louis/Mojito/contracts/library/Pausable.sol
FN:13,whenPaused
FN:18,whenNotPaused
FN:23,pause
FN:29,unPause
FN:35,paused
FNF:5
FNH:5
FNDA:3,whenPaused
FNDA:22,whenNotPaused
FNDA:6,pause
FNDA:2,unPause
FNDA:5,paused
DA:14,3
DA:15,2
DA:19,22
DA:20,21
DA:24,6
DA:25,6
DA:26,6
DA:30,2
DA:31,2
DA:32,2
DA:36,5
LF:11
LH:11
BRDA:14,1,0,2
BRDA:14,1,1,1
BRDA:19,2,0,21
BRDA:19,2,1,1
BRF:4
BRH:4
end_of_record
TN:
SF:/Users/louis/Mojito/contracts/METACONCERT.sol
FN:20,constructor
FN:29,transfer
FN:45,transferFrom
FN:61,approve
FN:74,name
FN:78,symbol
FN:82,decimals
FNF:7
FNH:7
FNDA:213,constructor
FNDA:6,transfer
FNDA:2,transferFrom
FNDA:3,approve
FNDA:1,name
FNDA:1,symbol
FNDA:1,decimals
DA:21,213
DA:32,6
DA:36,5
DA:37,5
DA:48,2
DA:52,1
DA:53,1
DA:58,1
DA:66,3
DA:70,2
DA:71,2
DA:75,1
DA:79,1
DA:83,1
LF:14
LH:14
BRDA:32,1,0,5
BRDA:32,1,1,1
BRDA:48,2,0,1
BRDA:48,2,1,1
BRDA:66,3,0,2
BRDA:66,3,1,1
BRF:6
BRH:6
end_of_record
